C:\DOCUMENTS AND SETTINGS\STICKMAN\MY DOCUMENTS\VISUAL STUDIO 2010\PROJECTS\FIX MAKER\DEBUG\FIX MAKER.EXE
C:\DOCUMENTS AND SETTINGS\STICKMAN\MY DOCUMENTS\VISUAL STUDIO 2010\PROJECTS\FIX MAKER\DEBUG\FIX MAKER.ILK
C:\DOCUMENTS AND SETTINGS\STICKMAN\MY DOCUMENTS\VISUAL STUDIO 2010\PROJECTS\FIX MAKER\DEBUG\FIX MAKER.PDB
C:\DOCUMENTS AND SETTINGS\STICKMAN\MY DOCUMENTS\VISUAL STUDIO 2010\PROJECTS\FIX MAKER\FIX MAKER\DEBUG\.NETFRAMEWORK,VERSION=V4.0.ASSEMBLYATTRIBUTES.OBJ
C:\DOCUMENTS AND SETTINGS\STICKMAN\MY DOCUMENTS\VISUAL STUDIO 2010\PROJECTS\FIX MAKER\FIX MAKER\DEBUG\APP.RES
C:\DOCUMENTS AND SETTINGS\STICKMAN\MY DOCUMENTS\VISUAL STUDIO 2010\PROJECTS\FIX MAKER\FIX MAKER\DEBUG\ASSEMBLYINFO.OBJ
c:\documents and settings\stickman\my documents\visual studio 2010\Projects\Fix Maker\Fix Maker\Debug\cl.command.1.tlog
c:\documents and settings\stickman\my documents\visual studio 2010\Projects\Fix Maker\Fix Maker\Debug\CL.read.1.tlog
c:\documents and settings\stickman\my documents\visual studio 2010\Projects\Fix Maker\Fix Maker\Debug\CL.write.1.tlog
C:\DOCUMENTS AND SETTINGS\STICKMAN\MY DOCUMENTS\VISUAL STUDIO 2010\PROJECTS\FIX MAKER\FIX MAKER\DEBUG\FIX MAKER.EXE.INTERMEDIATE.MANIFEST
C:\DOCUMENTS AND SETTINGS\STICKMAN\MY DOCUMENTS\VISUAL STUDIO 2010\PROJECTS\FIX MAKER\FIX MAKER\DEBUG\FIX MAKER.OBJ
C:\DOCUMENTS AND SETTINGS\STICKMAN\MY DOCUMENTS\VISUAL STUDIO 2010\PROJECTS\FIX MAKER\FIX MAKER\DEBUG\FIX MAKER.PCH
c:\documents and settings\stickman\my documents\visual studio 2010\Projects\Fix Maker\Fix Maker\Debug\Fix Maker.write.1.tlog
c:\documents and settings\stickman\my documents\visual studio 2010\Projects\Fix Maker\Fix Maker\Debug\link.2720.read.1.tlog
c:\documents and settings\stickman\my documents\visual studio 2010\Projects\Fix Maker\Fix Maker\Debug\link.2720.write.1.tlog
c:\documents and settings\stickman\my documents\visual studio 2010\Projects\Fix Maker\Fix Maker\Debug\link.2720-cvtres.read.1.tlog
c:\documents and settings\stickman\my documents\visual studio 2010\Projects\Fix Maker\Fix Maker\Debug\link.2720-cvtres.write.1.tlog
c:\documents and settings\stickman\my documents\visual studio 2010\Projects\Fix Maker\Fix Maker\Debug\link.command.1.tlog
c:\documents and settings\stickman\my documents\visual studio 2010\Projects\Fix Maker\Fix Maker\Debug\link.read.1.tlog
c:\documents and settings\stickman\my documents\visual studio 2010\Projects\Fix Maker\Fix Maker\Debug\link.write.1.tlog
c:\documents and settings\stickman\my documents\visual studio 2010\Projects\Fix Maker\Fix Maker\Debug\mt.command.1.tlog
c:\documents and settings\stickman\my documents\visual studio 2010\Projects\Fix Maker\Fix Maker\Debug\mt.read.1.tlog
c:\documents and settings\stickman\my documents\visual studio 2010\Projects\Fix Maker\Fix Maker\Debug\mt.write.1.tlog
c:\documents and settings\stickman\my documents\visual studio 2010\Projects\Fix Maker\Fix Maker\Debug\rc.command.1.tlog
c:\documents and settings\stickman\my documents\visual studio 2010\Projects\Fix Maker\Fix Maker\Debug\rc.read.1.tlog
c:\documents and settings\stickman\my documents\visual studio 2010\Projects\Fix Maker\Fix Maker\Debug\rc.write.1.tlog
C:\DOCUMENTS AND SETTINGS\STICKMAN\MY DOCUMENTS\VISUAL STUDIO 2010\PROJECTS\FIX MAKER\FIX MAKER\DEBUG\STDAFX.OBJ
C:\DOCUMENTS AND SETTINGS\STICKMAN\MY DOCUMENTS\VISUAL STUDIO 2010\PROJECTS\FIX MAKER\FIX MAKER\DEBUG\VC100.PDB
