Build started 6/17/2011 12:12:14 AM.
Project "C:\Documents and Settings\stickman\My Documents\Visual Studio 2010\Projects\N64 Programs\spidermancodegen\spidermancodegen.vcxproj" on node 2 (build target(s)).
InitializeBuildStatus:
  Creating "Release\spidermancodegen.unsuccessfulbuild" because "AlwaysCreate" was specified.
GenerateTargetFrameworkMonikerAttribute:
Skipping target "GenerateTargetFrameworkMonikerAttribute" because all output files are up-to-date with respect to the input files.
ClCompile:
  All outputs are up-to-date.
  C:\Program Files\Microsoft Visual Studio 10.0\VC\bin\CL.exe /c /AI"C:\Program Files\Reference Assemblies\Microsoft\Framework\.NETFramework\v4.0" /Zi /clr /nologo /W3 /WX- /O2 /Oy- /D WIN32 /D NDEBUG /D _UNICODE /D UNICODE /EHa /MD /GS /fp:precise /Zc:wchar_t /Zc:forScope /Yu"StdAfx.h" /Fp"Release\spidermancodegen.pch" /Fo"Release\\" /Fd"Release\vc100.pdb" /TP /FU"C:\Program Files\Reference Assemblies\Microsoft\Framework\.NETFramework\v4.0\System.Core.dll" /FU"C:\Program Files\Reference Assemblies\Microsoft\Framework\.NETFramework\v4.0\System.Data.dll" /FU"C:\Program Files\Reference Assemblies\Microsoft\Framework\.NETFramework\v4.0\System.dll" /FU"C:\Program Files\Reference Assemblies\Microsoft\Framework\.NETFramework\v4.0\System.Xml.dll" /analyze- /errorReport:prompt spidermancodegen.cpp /clr:nostdlib 
  spidermancodegen.cpp
  All outputs are up-to-date.
ResourceCompile:
  All outputs are up-to-date.
Link:
  C:\Program Files\Microsoft Visual Studio 10.0\VC\bin\link.exe /ERRORREPORT:PROMPT /OUT:"C:\Documents and Settings\stickman\My Documents\Visual Studio 2010\Projects\N64 Programs\Release\spidermancodegen.exe" /INCREMENTAL:NO /NOLOGO /MANIFEST /ManifestFile:"Release\spidermancodegen.exe.intermediate.manifest" /MANIFESTUAC:"level='asInvoker' uiAccess='false'" /DEBUG /PDB:"C:\Documents and Settings\stickman\My Documents\Visual Studio 2010\Projects\N64 Programs\Release\spidermancodegen.pdb" /TLBID:1 /DYNAMICBASE /FIXED:NO /NXCOMPAT /MACHINE:X86 Release\app.res
  Release\AssemblyInfo.obj
  Release\spidermancodegen.obj
  Release\stdafx.obj
  "Release\.NETFramework,Version=v4.0.AssemblyAttributes.obj"
  spidermancodegen.vcxproj -> C:\Documents and Settings\stickman\My Documents\Visual Studio 2010\Projects\N64 Programs\Release\spidermancodegen.exe
Manifest:
  C:\Program Files\Microsoft SDKs\Windows\v7.0A\bin\mt.exe /nologo /verbose /outputresource:"C:\Documents and Settings\stickman\My Documents\Visual Studio 2010\Projects\N64 Programs\Release\spidermancodegen.exe;#1" /manifest Release\spidermancodegen.exe.intermediate.manifest
FinalizeBuildStatus:
  Deleting file "Release\spidermancodegen.unsuccessfulbuild".
  Touching "Release\spidermancodegen.lastbuildstate".
Done Building Project "C:\Documents and Settings\stickman\My Documents\Visual Studio 2010\Projects\N64 Programs\spidermancodegen\spidermancodegen.vcxproj" (build target(s)).

Build succeeded.

Time Elapsed 00:00:09.78
