C:\DOCUMENTS AND SETTINGS\STICKMAN\MY DOCUMENTS\VISUAL STUDIO 2010\PROJECTS\FIX MAKER\DEBUG\README MAKER.EXE
C:\DOCUMENTS AND SETTINGS\STICKMAN\MY DOCUMENTS\VISUAL STUDIO 2010\PROJECTS\FIX MAKER\DEBUG\README MAKER.ILK
C:\DOCUMENTS AND SETTINGS\STICKMAN\MY DOCUMENTS\VISUAL STUDIO 2010\PROJECTS\FIX MAKER\DEBUG\README MAKER.PDB
C:\DOCUMENTS AND SETTINGS\STICKMAN\MY DOCUMENTS\VISUAL STUDIO 2010\PROJECTS\FIX MAKER\README MAKER\DEBUG\.NETFRAMEWORK,VERSION=V4.0.ASSEMBLYATTRIBUTES.OBJ
C:\DOCUMENTS AND SETTINGS\STICKMAN\MY DOCUMENTS\VISUAL STUDIO 2010\PROJECTS\FIX MAKER\README MAKER\DEBUG\APP.RES
C:\DOCUMENTS AND SETTINGS\STICKMAN\MY DOCUMENTS\VISUAL STUDIO 2010\PROJECTS\FIX MAKER\README MAKER\DEBUG\ASSEMBLYINFO.OBJ
c:\documents and settings\stickman\my documents\visual studio 2010\Projects\Fix Maker\Readme Maker\Debug\cl.command.1.tlog
c:\documents and settings\stickman\my documents\visual studio 2010\Projects\Fix Maker\Readme Maker\Debug\CL.read.1.tlog
c:\documents and settings\stickman\my documents\visual studio 2010\Projects\Fix Maker\Readme Maker\Debug\CL.write.1.tlog
c:\documents and settings\stickman\my documents\visual studio 2010\Projects\Fix Maker\Readme Maker\Debug\link.2260.read.1.tlog
c:\documents and settings\stickman\my documents\visual studio 2010\Projects\Fix Maker\Readme Maker\Debug\link.2260.write.1.tlog
c:\documents and settings\stickman\my documents\visual studio 2010\Projects\Fix Maker\Readme Maker\Debug\link.2260-cvtres.read.1.tlog
c:\documents and settings\stickman\my documents\visual studio 2010\Projects\Fix Maker\Readme Maker\Debug\link.2260-cvtres.write.1.tlog
c:\documents and settings\stickman\my documents\visual studio 2010\Projects\Fix Maker\Readme Maker\Debug\link.command.1.tlog
c:\documents and settings\stickman\my documents\visual studio 2010\Projects\Fix Maker\Readme Maker\Debug\link.read.1.tlog
c:\documents and settings\stickman\my documents\visual studio 2010\Projects\Fix Maker\Readme Maker\Debug\link.write.1.tlog
c:\documents and settings\stickman\my documents\visual studio 2010\Projects\Fix Maker\Readme Maker\Debug\mt.command.1.tlog
c:\documents and settings\stickman\my documents\visual studio 2010\Projects\Fix Maker\Readme Maker\Debug\mt.read.1.tlog
c:\documents and settings\stickman\my documents\visual studio 2010\Projects\Fix Maker\Readme Maker\Debug\mt.write.1.tlog
c:\documents and settings\stickman\my documents\visual studio 2010\Projects\Fix Maker\Readme Maker\Debug\rc.command.1.tlog
c:\documents and settings\stickman\my documents\visual studio 2010\Projects\Fix Maker\Readme Maker\Debug\rc.read.1.tlog
c:\documents and settings\stickman\my documents\visual studio 2010\Projects\Fix Maker\Readme Maker\Debug\rc.write.1.tlog
C:\DOCUMENTS AND SETTINGS\STICKMAN\MY DOCUMENTS\VISUAL STUDIO 2010\PROJECTS\FIX MAKER\README MAKER\DEBUG\README MAKER.EXE.INTERMEDIATE.MANIFEST
C:\DOCUMENTS AND SETTINGS\STICKMAN\MY DOCUMENTS\VISUAL STUDIO 2010\PROJECTS\FIX MAKER\README MAKER\DEBUG\README MAKER.OBJ
C:\DOCUMENTS AND SETTINGS\STICKMAN\MY DOCUMENTS\VISUAL STUDIO 2010\PROJECTS\FIX MAKER\README MAKER\DEBUG\README MAKER.PCH
c:\documents and settings\stickman\my documents\visual studio 2010\Projects\Fix Maker\Readme Maker\Debug\Readme Maker.write.1.tlog
C:\DOCUMENTS AND SETTINGS\STICKMAN\MY DOCUMENTS\VISUAL STUDIO 2010\PROJECTS\FIX MAKER\README MAKER\DEBUG\STDAFX.OBJ
C:\DOCUMENTS AND SETTINGS\STICKMAN\MY DOCUMENTS\VISUAL STUDIO 2010\PROJECTS\FIX MAKER\README MAKER\DEBUG\VC100.PDB
